<?xml version="1.0" encoding="UTF-8"?>
<!-- Generated by org.testng.reporters.JUnitReportReporter -->
<testsuite hostname="Banss" failures="0" tests="1" name="com.maven.MavenWebDriver.ImulatorTest" time="28.559" errors="0" timestamp="2024-02-07T17:48:35 CET" skipped="0">
  <testcase classname="com.maven.MavenWebDriver.ImulatorTest" name="test" time="28.559"/>
  <system-out/>
</testsuite> <!-- com.maven.MavenWebDriver.ImulatorTest -->
