<?xml version="1.0" encoding="UTF-8"?>
<!-- Generated by org.testng.reporters.JUnitReportReporter -->
<testsuite hostname="Banss" failures="0" tests="1" name="com.testng.LogINGmail" time="4.205" errors="0" timestamp="2024-01-07T23:34:50 CET" skipped="0">
  <testcase classname="com.testng.LogINGmail" name="login" time="4.205"/>
  <system-out/>
</testsuite> <!-- com.testng.LogINGmail -->
