<?xml version="1.0" encoding="UTF-8"?>
<!-- Generated by org.testng.reporters.JUnitReportReporter -->
<testsuite hostname="Banss" failures="0" tests="12" name="com.testng.GroupClass" time="0.015" errors="0" timestamp="2024-01-07T23:53:17 CET" skipped="0">
  <testcase classname="com.testng.GroupClass" name="Blue1" time="0.006"/>
  <system-out/>
  <testcase classname="com.testng.GroupClass" name="Blue3" time="0.005"/>
  <system-out/>
  <testcase classname="com.testng.GroupClass" name="red3" time="0.000"/>
  <system-out/>
  <testcase classname="com.testng.GroupClass" name="red1" time="0.000"/>
  <system-out/>
  <testcase classname="com.testng.GroupClass" name="Green3" time="0.001"/>
  <system-out/>
  <testcase classname="com.testng.GroupClass" name="red_Green" time="0.000"/>
  <system-out/>
  <testcase classname="com.testng.GroupClass" name="Blue_Green" time="0.001"/>
  <system-out/>
  <testcase classname="com.testng.GroupClass" name="Blue2" time="0.000"/>
  <system-out/>
  <testcase classname="com.testng.GroupClass" name="Blue_red" time="0.000"/>
  <system-out/>
  <testcase classname="com.testng.GroupClass" name="Green1" time="0.000"/>
  <system-out/>
  <testcase classname="com.testng.GroupClass" name="red2" time="0.001"/>
  <system-out/>
  <testcase classname="com.testng.GroupClass" name="Green2" time="0.001"/>
  <system-out/>
</testsuite> <!-- com.testng.GroupClass -->
