<?xml version="1.0" encoding="UTF-8"?>
<!-- Generated by org.testng.reporters.JUnitReportReporter -->
<testsuite hostname="Banss" failures="0" tests="2" name="com.testng.DataProviderClass" time="0.008" errors="0" timestamp="2024-01-08T14:02:05 CET" skipped="0">
  <testcase classname="com.testng.DataProviderClass" name="myTest" time="0.002"/>
  <system-out/>
  <testcase classname="com.testng.DataProviderClass" name="myTest" time="0.006"/>
  <system-out/>
</testsuite> <!-- com.testng.DataProviderClass -->
