<?xml version="1.0" encoding="UTF-8"?>
<!-- Generated by org.testng.reporters.JUnitReportReporter -->
<testsuite hostname="Banss" failures="0" tests="2" name="com.testng.Parameterized_FB" time="30.522" errors="0" timestamp="2024-01-08T13:11:02 CET" skipped="0">
  <testcase classname="com.testng.Parameterized_FB" name="testLogin" time="14.936"/>
  <system-out/>
  <testcase classname="com.testng.Parameterized_FB" name="testLogin" time="15.586"/>
  <system-out/>
</testsuite> <!-- com.testng.Parameterized_FB -->
