<?xml version="1.0" encoding="UTF-8"?>
<!-- Generated by org.testng.reporters.JUnitReportReporter -->
<testsuite hostname="Banss" failures="0" tests="1" name="com.testng.LogINFB_" time="6.195" errors="0" timestamp="2024-01-07T23:35:23 CET" skipped="0">
  <testcase classname="com.testng.LogINFB_" name="login" time="6.195"/>
  <system-out/>
</testsuite> <!-- com.testng.LogINFB_ -->
