<?xml version="1.0" encoding="UTF-8"?>
<!-- Generated by org.testng.reporters.JUnitReportReporter -->
<testsuite hostname="Banss" failures="0" tests="1" name="com.maven.MavenWebDriver.TestngMavenDemo" time="6.285" errors="0" timestamp="2024-02-03T18:05:04 CET" skipped="0">
  <testcase classname="com.maven.MavenWebDriver.TestngMavenDemo" name="login" time="6.285"/>
  <system-out/>
</testsuite> <!-- com.maven.MavenWebDriver.TestngMavenDemo -->
